Determining if the pthread_create exist failed with the following output:
Change Dir: /home/jkang/gtsam/build/CMakeFiles/CMakeTmp

Run Build Command:"/usr/bin/make" "cmTC_5b765/fast"
/usr/bin/make -f CMakeFiles/cmTC_5b765.dir/build.make CMakeFiles/cmTC_5b765.dir/build
make[1]: Entering directory '/home/jkang/gtsam/build/CMakeFiles/CMakeTmp'
Building C object CMakeFiles/cmTC_5b765.dir/CheckSymbolExists.c.o
/usr/bin/cc    -std=c11   -Wall    -o CMakeFiles/cmTC_5b765.dir/CheckSymbolExists.c.o   -c /home/jkang/gtsam/build/CMakeFiles/CMakeTmp/CheckSymbolExists.c
Linking C executable cmTC_5b765
/usr/bin/cmake -E cmake_link_script CMakeFiles/cmTC_5b765.dir/link.txt --verbose=1
/usr/bin/cc   -std=c11   -Wall     CMakeFiles/cmTC_5b765.dir/CheckSymbolExists.c.o  -o cmTC_5b765 -rdynamic 
CMakeFiles/cmTC_5b765.dir/CheckSymbolExists.c.o: In function `main':
CheckSymbolExists.c:(.text+0x16): undefined reference to `pthread_create'
collect2: error: ld returned 1 exit status
CMakeFiles/cmTC_5b765.dir/build.make:97: recipe for target 'cmTC_5b765' failed
make[1]: *** [cmTC_5b765] Error 1
make[1]: Leaving directory '/home/jkang/gtsam/build/CMakeFiles/CMakeTmp'
Makefile:126: recipe for target 'cmTC_5b765/fast' failed
make: *** [cmTC_5b765/fast] Error 2

File /home/jkang/gtsam/build/CMakeFiles/CMakeTmp/CheckSymbolExists.c:
/* */
#include <pthread.h>

int main(int argc, char** argv)
{
  (void)argv;
#ifndef pthread_create
  return ((int*)(&pthread_create))[argc];
#else
  (void)argc;
  return 0;
#endif
}

Determining if the function pthread_create exists in the pthreads failed with the following output:
Change Dir: /home/jkang/gtsam/build/CMakeFiles/CMakeTmp

Run Build Command:"/usr/bin/make" "cmTC_a4cb3/fast"
/usr/bin/make -f CMakeFiles/cmTC_a4cb3.dir/build.make CMakeFiles/cmTC_a4cb3.dir/build
make[1]: Entering directory '/home/jkang/gtsam/build/CMakeFiles/CMakeTmp'
Building C object CMakeFiles/cmTC_a4cb3.dir/CheckFunctionExists.c.o
/usr/bin/cc    -std=c11   -Wall -DCHECK_FUNCTION_EXISTS=pthread_create   -o CMakeFiles/cmTC_a4cb3.dir/CheckFunctionExists.c.o   -c /usr/share/cmake-3.5/Modules/CheckFunctionExists.c
Linking C executable cmTC_a4cb3
/usr/bin/cmake -E cmake_link_script CMakeFiles/cmTC_a4cb3.dir/link.txt --verbose=1
/usr/bin/cc   -std=c11   -Wall -DCHECK_FUNCTION_EXISTS=pthread_create    CMakeFiles/cmTC_a4cb3.dir/CheckFunctionExists.c.o  -o cmTC_a4cb3 -rdynamic -lpthreads 
/usr/bin/ld: cannot find -lpthreads
collect2: error: ld returned 1 exit status
CMakeFiles/cmTC_a4cb3.dir/build.make:97: recipe for target 'cmTC_a4cb3' failed
make[1]: *** [cmTC_a4cb3] Error 1
make[1]: Leaving directory '/home/jkang/gtsam/build/CMakeFiles/CMakeTmp'
Makefile:126: recipe for target 'cmTC_a4cb3/fast' failed
make: *** [cmTC_a4cb3/fast] Error 2


